<?xml version="1.0" encoding="UTF-8" ?>
<testsuites>
  <testsuite errors="0" failures="0" hostname="navin-Aspire-xxxx" id="0" name="JUnit Jupiter" package="" skipped="0" tests="51" time="0.696" timestamp="2022-03-23T21:25:38">
    <properties>
[...]
</properties>

    <testcase classname="test.java.watermgmt.TankerRateTest" name="testGetRate()" time="0.002">
      <system-out><![CDATA[
unique-id: [engine:junit-jupiter]/[class:test.java.watermgmt.TankerRateTest]/[method:testGetRate()]
display-name: testGetRate()
]]></system-out>

    </testcase>

    <testcase classname="test.java.watermgmt.AddGuestsCommandTest" name="allCommands()" time="0.003">
      <system-out><![CDATA[
unique-id: [engine:junit-jupiter]/[class:test.java.watermgmt.AddGuestsCommandTest]/[method:allCommands()]
display-name: allCommands()
]]></system-out>

    </testcase>

    <testcase classname="test.java.watermgmt.SlabIntervalTest" name="testGetRate()" time="0.002">
      <system-out><![CDATA[
unique-id: [engine:junit-jupiter]/[class:test.java.watermgmt.SlabIntervalTest]/[method:testGetRate()]
display-name: testGetRate()
]]></system-out>

    </testcase>

    <testcase classname="test.java.watermgmt.CorporationRateTest" name="testGetRate()" time="0.004">
      <system-out><![CDATA[
unique-id: [engine:junit-jupiter]/[class:test.java.watermgmt.CorporationRateTest]/[method:testGetRate()]
display-name: testGetRate()
]]></system-out>

    </testcase>

    <testcase classname="test.java.watermgmt.ApartmentBaseTest" name="testApartmentBaseIntegerIntegerDouble()" time="0.002">
      <system-out><![CDATA[
unique-id: [engine:junit-jupiter]/[class:test.java.watermgmt.ApartmentBaseTest]/[method:testApartmentBaseIntegerIntegerDouble()]
display-name: testApartmentBaseIntegerIntegerDouble()
]]></system-out>

    </testcase>

    <testcase classname="test.java.watermgmt.BillCommandTest" name="test3BHK()" time="0.002">
      <system-out><![CDATA[
unique-id: [engine:junit-jupiter]/[class:test.java.watermgmt.BillCommandTest]/[method:test3BHK()]
display-name: test3BHK()
]]></system-out>

    </testcase>

    <testcase classname="test.java.watermgmt.AllotWaterCommandTest" name="testAllotRatio()" time="0.003">
      <system-out><![CDATA[
unique-id: [engine:junit-jupiter]/[class:test.java.watermgmt.AllotWaterCommandTest]/[method:testAllotRatio()]
display-name: testAllotRatio()
]]></system-out>

    </testcase>

    <testcase classname="test.java.watermgmt.BorewellRateTest" name="testGetRate()" time="0.147">
      <system-out><![CDATA[
unique-id: [engine:junit-jupiter]/[class:test.java.watermgmt.BorewellRateTest]/[method:testGetRate()]
display-name: testGetRate()
]]></system-out>

    </testcase>

    <testcase classname="test.java.watermgmt.SlabIntervalTest" name="testGetCost()" time="0.002">
      <system-out><![CDATA[
unique-id: [engine:junit-jupiter]/[class:test.java.watermgmt.SlabIntervalTest]/[method:testGetCost()]
display-name: testGetCost()
]]></system-out>

    </testcase>

    <testcase classname="test.java.watermgmt.ApartmentBaseTest" name="testGetCost()" time="0.002">
      <system-out><![CDATA[
unique-id: [engine:junit-jupiter]/[class:test.java.watermgmt.ApartmentBaseTest]/[method:testGetCost()]
display-name: testGetCost()
]]></system-out>

    </testcase>

    <testcase classname="test.java.watermgmt.ApartmentBaseTest" name="testApartmentBaseIntegerInteger()" time="0.002">
      <system-out><![CDATA[
unique-id: [engine:junit-jupiter]/[class:test.java.watermgmt.ApartmentBaseTest]/[method:testApartmentBaseIntegerInteger()]
display-name: testApartmentBaseIntegerInteger()
]]></system-out>

    </testcase>

    <testcase classname="test.java.watermgmt.Apartment3BHKTest" name="testApartment3BHKIntegerString()" time="0.001">
      <system-out><![CDATA[
unique-id: [engine:junit-jupiter]/[class:test.java.watermgmt.Apartment3BHKTest]/[method:testApartment3BHKIntegerString()]
display-name: testApartment3BHKIntegerString()
]]></system-out>

    </testcase>

    <testcase classname="test.java.watermgmt.ApartmentBaseTest" name="testGetLitresPerson()" time="0.001">
      <system-out><![CDATA[
unique-id: [engine:junit-jupiter]/[class:test.java.watermgmt.ApartmentBaseTest]/[method:testGetLitresPerson()]
display-name: testGetLitresPerson()
]]></system-out>

    </testcase>

    <testcase classname="test.java.watermgmt.Apartment2BHKTest" name="testCloneIntegerDouble()" time="0.002">
      <system-out><![CDATA[
unique-id: [engine:junit-jupiter]/[class:test.java.watermgmt.Apartment2BHKTest]/[method:testCloneIntegerDouble()]
display-name: testCloneIntegerDouble()
]]></system-out>

    </testcase>

    <testcase classname="test.java.watermgmt.ApartmentBaseTest" name="testGetRatio()" time="0.002">
      <system-out><![CDATA[
unique-id: [engine:junit-jupiter]/[class:test.java.watermgmt.ApartmentBaseTest]/[method:testGetRatio()]
display-name: testGetRatio()
]]></system-out>

    </testcase>

    <testcase classname="test.java.watermgmt.CommandParserTest" name="checkInput()" time="0.039">
      <system-out><![CDATA[
unique-id: [engine:junit-jupiter]/[class:test.java.watermgmt.CommandParserTest]/[method:checkInput()]
display-name: checkInput()
]]></system-out>

    </testcase>

    <testcase classname="test.java.watermgmt.ApartmentBaseTest" name="testCheckValidType()" time="0.001">
      <system-out><![CDATA[
unique-id: [engine:junit-jupiter]/[class:test.java.watermgmt.ApartmentBaseTest]/[method:testCheckValidType()]
display-name: testCheckValidType()
]]></system-out>

    </testcase>

    <testcase classname="test.java.watermgmt.Apartment3BHKTest" name="testGetDefaultLitres()" time="0.002">
      <system-out><![CDATA[
unique-id: [engine:junit-jupiter]/[class:test.java.watermgmt.Apartment3BHKTest]/[method:testGetDefaultLitres()]
display-name: testGetDefaultLitres()
]]></system-out>

    </testcase>

    <testcase classname="test.java.watermgmt.ApartmentBaseTest" name="testGetDefaultLitres()" time="0.001">
      <system-out><![CDATA[
unique-id: [engine:junit-jupiter]/[class:test.java.watermgmt.ApartmentBaseTest]/[method:testGetDefaultLitres()]
display-name: testGetDefaultLitres()
]]></system-out>

    </testcase>

    <testcase classname="test.java.watermgmt.Apartment2BHKTest" name="testApartment2BHKIntegerDouble()" time="0.002">
      <system-out><![CDATA[
unique-id: [engine:junit-jupiter]/[class:test.java.watermgmt.Apartment2BHKTest]/[method:testApartment2BHKIntegerDouble()]
display-name: testApartment2BHKIntegerDouble()
]]></system-out>

    </testcase>

    <testcase classname="test.java.watermgmt.WaterManagementTest" name="testMain()" time="0.003">
      <system-out><![CDATA[
unique-id: [engine:junit-jupiter]/[class:test.java.watermgmt.WaterManagementTest]/[method:testMain()]
display-name: testMain()
]]></system-out>

    </testcase>

    <testcase classname="test.java.watermgmt.BillCommandTest" name="testParseCommand()" time="0.005">
      <system-out><![CDATA[
unique-id: [engine:junit-jupiter]/[class:test.java.watermgmt.BillCommandTest]/[method:testParseCommand()]
display-name: testParseCommand()
]]></system-out>

    </testcase>

    <testcase classname="test.java.watermgmt.Apartment2BHKTest" name="testAllCommands()" time="0.007">
      <system-out><![CDATA[
unique-id: [engine:junit-jupiter]/[class:test.java.watermgmt.Apartment2BHKTest]/[method:testAllCommands()]
display-name: testAllCommands()
]]></system-out>

    </testcase>

    <testcase classname="test.java.watermgmt.TankerRateTest" name="testGetLitres()" time="0.002">
      <system-out><![CDATA[
unique-id: [engine:junit-jupiter]/[class:test.java.watermgmt.TankerRateTest]/[method:testGetLitres()]
display-name: testGetLitres()
]]></system-out>

    </testcase>

    <testcase classname="test.java.watermgmt.CommandParserTest" name="testParse()" time="0.038">
      <system-out><![CDATA[
unique-id: [engine:junit-jupiter]/[class:test.java.watermgmt.CommandParserTest]/[method:testParse()]
display-name: testParse()
]]></system-out>

    </testcase>

    <testcase classname="test.java.watermgmt.AllotWaterCommandTest" name="testParseCommand()" time="0.002">
      <system-out><![CDATA[
unique-id: [engine:junit-jupiter]/[class:test.java.watermgmt.AllotWaterCommandTest]/[method:testParseCommand()]
display-name: testParseCommand()
]]></system-out>

    </testcase>

    <testcase classname="test.java.watermgmt.AllotWaterCommandTest" name="testAllotAptType()" time="0.002">
      <system-out><![CDATA[
unique-id: [engine:junit-jupiter]/[class:test.java.watermgmt.AllotWaterCommandTest]/[method:testAllotAptType()]
display-name: testAllotAptType()
]]></system-out>

    </testcase>

    <testcase classname="test.java.watermgmt.Apartment2BHKTest" name="testApartment2BHKIntegerString()" time="0.002">
      <system-out><![CDATA[
unique-id: [engine:junit-jupiter]/[class:test.java.watermgmt.Apartment2BHKTest]/[method:testApartment2BHKIntegerString()]
display-name: testApartment2BHKIntegerString()
]]></system-out>

    </testcase>

    <testcase classname="test.java.watermgmt.ApartmentBaseTest" name="testApartmentBaseIntegerIntegerString()" time="0.002">
      <system-out><![CDATA[
unique-id: [engine:junit-jupiter]/[class:test.java.watermgmt.ApartmentBaseTest]/[method:testApartmentBaseIntegerIntegerString()]
display-name: testApartmentBaseIntegerIntegerString()
]]></system-out>

    </testcase>

    <testcase classname="test.java.watermgmt.ApartmentBaseTest" name="testGetDefaultPeople()" time="0.001">
      <system-out><![CDATA[
unique-id: [engine:junit-jupiter]/[class:test.java.watermgmt.ApartmentBaseTest]/[method:testGetDefaultPeople()]
display-name: testGetDefaultPeople()
]]></system-out>

    </testcase>

    <testcase classname="test.java.watermgmt.BillCommandTest" name="allCommands()" time="0.003">
      <system-out><![CDATA[
unique-id: [engine:junit-jupiter]/[class:test.java.watermgmt.BillCommandTest]/[method:allCommands()]
display-name: allCommands()
]]></system-out>

    </testcase>

    <testcase classname="test.java.watermgmt.ApartmentBaseTest" name="testEqualsObject()" time="0.002">
      <system-out><![CDATA[
unique-id: [engine:junit-jupiter]/[class:test.java.watermgmt.ApartmentBaseTest]/[method:testEqualsObject()]
display-name: testEqualsObject()
]]></system-out>

    </testcase>

    <testcase classname="test.java.watermgmt.SlabIntervalTest" name="testGetEnd()" time="0.002">
      <system-out><![CDATA[
unique-id: [engine:junit-jupiter]/[class:test.java.watermgmt.SlabIntervalTest]/[method:testGetEnd()]
display-name: testGetEnd()
]]></system-out>

    </testcase>

    <testcase classname="test.java.watermgmt.BorewellRateTest" name="testGetLitres()" time="0.003">
      <system-out><![CDATA[
unique-id: [engine:junit-jupiter]/[class:test.java.watermgmt.BorewellRateTest]/[method:testGetLitres()]
display-name: testGetLitres()
]]></system-out>

    </testcase>

    <testcase classname="test.java.watermgmt.ApartmentBaseTest" name="testHashCode()" time="0.001">
      <system-out><![CDATA[
unique-id: [engine:junit-jupiter]/[class:test.java.watermgmt.ApartmentBaseTest]/[method:testHashCode()]
display-name: testHashCode()
]]></system-out>

    </testcase>

    <testcase classname="test.java.watermgmt.CorporationRateTest" name="testGetLitres()" time="0.003">
      <system-out><![CDATA[
unique-id: [engine:junit-jupiter]/[class:test.java.watermgmt.CorporationRateTest]/[method:testGetLitres()]
display-name: testGetLitres()
]]></system-out>

    </testcase>

    <testcase classname="test.java.watermgmt.SlabIntervalTest" name="testSlabInterval()" time="0.002">
      <system-out><![CDATA[
unique-id: [engine:junit-jupiter]/[class:test.java.watermgmt.SlabIntervalTest]/[method:testSlabInterval()]
display-name: testSlabInterval()
]]></system-out>

    </testcase>

    <testcase classname="test.java.watermgmt.AllotWaterCommandTest" name="allCommands()" time="0.003">
      <system-out><![CDATA[
unique-id: [engine:junit-jupiter]/[class:test.java.watermgmt.AllotWaterCommandTest]/[method:allCommands()]
display-name: allCommands()
]]></system-out>

    </testcase>

    <testcase classname="test.java.watermgmt.ApartmentBaseTest" name="testGetDaysMonth()" time="0.002">
      <system-out><![CDATA[
unique-id: [engine:junit-jupiter]/[class:test.java.watermgmt.ApartmentBaseTest]/[method:testGetDaysMonth()]
display-name: testGetDaysMonth()
]]></system-out>

    </testcase>

    <testcase classname="test.java.watermgmt.ApartmentBaseTest" name="testAddPeople()" time="0.002">
      <system-out><![CDATA[
unique-id: [engine:junit-jupiter]/[class:test.java.watermgmt.ApartmentBaseTest]/[method:testAddPeople()]
display-name: testAddPeople()
]]></system-out>

    </testcase>

    <testcase classname="test.java.watermgmt.Apartment3BHKTest" name="testCloneIntegerDouble()" time="0.001">
      <system-out><![CDATA[
unique-id: [engine:junit-jupiter]/[class:test.java.watermgmt.Apartment3BHKTest]/[method:testCloneIntegerDouble()]
display-name: testCloneIntegerDouble()
]]></system-out>

    </testcase>

    <testcase classname="test.java.watermgmt.ApartmentBaseTest" name="testGetRatioStr()" time="0.003">
      <system-out><![CDATA[
unique-id: [engine:junit-jupiter]/[class:test.java.watermgmt.ApartmentBaseTest]/[method:testGetRatioStr()]
display-name: testGetRatioStr()
]]></system-out>

    </testcase>

    <testcase classname="test.java.watermgmt.ApartmentBaseTest" name="testGetTotalLitres()" time="0.002">
      <system-out><![CDATA[
unique-id: [engine:junit-jupiter]/[class:test.java.watermgmt.ApartmentBaseTest]/[method:testGetTotalLitres()]
display-name: testGetTotalLitres()
]]></system-out>

    </testcase>

    <testcase classname="test.java.watermgmt.Apartment3BHKTest" name="testApartment3BHKIntegerDouble()" time="0.001">
      <system-out><![CDATA[
unique-id: [engine:junit-jupiter]/[class:test.java.watermgmt.Apartment3BHKTest]/[method:testApartment3BHKIntegerDouble()]
display-name: testApartment3BHKIntegerDouble()
]]></system-out>

    </testcase>

    <testcase classname="test.java.watermgmt.Apartment3BHKTest" name="testApartment3BHKDefaultCost()" time="0.001">
      <system-out><![CDATA[
unique-id: [engine:junit-jupiter]/[class:test.java.watermgmt.Apartment3BHKTest]/[method:testApartment3BHKDefaultCost()]
display-name: testApartment3BHKDefaultCost()
]]></system-out>

    </testcase>

    <testcase classname="test.java.watermgmt.ApartmentBaseTest" name="testClone()" time="0.001">
      <system-out><![CDATA[
unique-id: [engine:junit-jupiter]/[class:test.java.watermgmt.ApartmentBaseTest]/[method:testClone()]
display-name: testClone()
]]></system-out>

    </testcase>

    <testcase classname="test.java.watermgmt.Apartment2BHKTest" name="testGetDefaultLitres()" time="0.001">
      <system-out><![CDATA[
unique-id: [engine:junit-jupiter]/[class:test.java.watermgmt.Apartment2BHKTest]/[method:testGetDefaultLitres()]
display-name: testGetDefaultLitres()
]]></system-out>

    </testcase>

    <testcase classname="test.java.watermgmt.Apartment3BHKTest" name="testAllCommands()" time="0.001">
      <system-out><![CDATA[
unique-id: [engine:junit-jupiter]/[class:test.java.watermgmt.Apartment3BHKTest]/[method:testAllCommands()]
display-name: testAllCommands()
]]></system-out>

    </testcase>

    <testcase classname="test.java.watermgmt.BillCommandTest" name="test2BHK()" time="0.002">
      <system-out><![CDATA[
unique-id: [engine:junit-jupiter]/[class:test.java.watermgmt.BillCommandTest]/[method:test2BHK()]
display-name: test2BHK()
]]></system-out>

    </testcase>

    <testcase classname="test.java.watermgmt.Apartment2BHKTest" name="testApartment2BHKDefaultCost()" time="0.001">
      <system-out><![CDATA[
unique-id: [engine:junit-jupiter]/[class:test.java.watermgmt.Apartment2BHKTest]/[method:testApartment2BHKDefaultCost()]
display-name: testApartment2BHKDefaultCost()
]]></system-out>

    </testcase>

    <testcase classname="test.java.watermgmt.AddGuestsCommandTest" name="testParseCommand()" time="0.004">
      <system-out><![CDATA[
unique-id: [engine:junit-jupiter]/[class:test.java.watermgmt.AddGuestsCommandTest]/[method:testParseCommand()]
display-name: testParseCommand()
]]></system-out>

    </testcase>

    <system-out><![CDATA[
unique-id: [engine:junit-jupiter]
display-name: JUnit Jupiter
]]></system-out>

  </testsuite>
  <testsuite errors="0" failures="0" hostname="navin-Aspire-xxxx" id="1" name="JUnit Vintage" package="" skipped="0" tests="0" time="0.008" timestamp="2022-03-23T21:25:38">
    <properties>
[...]
</properties>

    <system-out><![CDATA[
unique-id: [engine:junit-vintage]
display-name: JUnit Vintage
]]></system-out>

  </testsuite>
  <testsuite aborted="0" failures="0" id="2" name="AddGuestsCommandTest" package="test.java.watermgmt" skipped="0" tests="2" time="0.322" timestamp="2022-03-23T15:55:31">
    <properties>
[...]
</properties>
    <testcase classname="test.java.watermgmt.AddGuestsCommandTest" name="allCommands()" time="0.088" />
    <testcase classname="test.java.watermgmt.AddGuestsCommandTest" name="testParseCommand()" time="0.007" />
    <system-out>4200 15100
4500 13450
</system-out>
  </testsuite>
  <testsuite aborted="0" failures="0" id="3" name="AllotWaterCommandTest" package="test.java.watermgmt" skipped="0" tests="4" time="0.069" timestamp="2022-03-23T15:55:31">
    <properties>
[...]
</properties>
    <testcase classname="test.java.watermgmt.AllotWaterCommandTest" name="testParseCommand()" time="0.003" />
    <testcase classname="test.java.watermgmt.AllotWaterCommandTest" name="testAllotAptType()" time="0.006" />
    <testcase classname="test.java.watermgmt.AllotWaterCommandTest" name="testAllotRatio()" time="0.004" />
    <testcase classname="test.java.watermgmt.AllotWaterCommandTest" name="allCommands()" time="0.006" />
    <system-out>4200 15100
4500 13625
</system-out>
  </testsuite>
  <testsuite aborted="0" failures="0" id="4" name="Apartment2BHKTest" package="test.java.watermgmt" skipped="0" tests="6" time="0.037" timestamp="2022-03-23T15:55:32">
    <properties>
[...]
</properties>
    <testcase classname="test.java.watermgmt.Apartment2BHKTest" name="testGetDefaultLitres()" time="0.003" />
    <testcase classname="test.java.watermgmt.Apartment2BHKTest" name="testApartment2BHKIntegerString()" time="0.003" />
    <testcase classname="test.java.watermgmt.Apartment2BHKTest" name="testApartment2BHKDefaultCost()" time="0.002" />
    <testcase classname="test.java.watermgmt.Apartment2BHKTest" name="testApartment2BHKIntegerDouble()" time="0.004" />
    <testcase classname="test.java.watermgmt.Apartment2BHKTest" name="testCloneIntegerDouble()" time="0.003" />
    <testcase classname="test.java.watermgmt.Apartment2BHKTest" name="testAllCommands()" time="0.004" />
  </testsuite>
  <testsuite aborted="0" failures="0" id="5" name="Apartment3BHKTest" package="test.java.watermgmt" skipped="0" tests="6" time="0.035" timestamp="2022-03-23T15:55:32">
    <properties>
[...]
</properties>
    <testcase classname="test.java.watermgmt.Apartment3BHKTest" name="testApartment3BHKIntegerDouble()" time="0.003" />
    <testcase classname="test.java.watermgmt.Apartment3BHKTest" name="testApartment3BHKDefaultCost()" time="0.002" />
    <testcase classname="test.java.watermgmt.Apartment3BHKTest" name="testAllCommands()" time="0.002" />
    <testcase classname="test.java.watermgmt.Apartment3BHKTest" name="testGetDefaultLitres()" time="0.002" />
    <testcase classname="test.java.watermgmt.Apartment3BHKTest" name="testApartment3BHKIntegerString()" time="0.003" />
    <testcase classname="test.java.watermgmt.Apartment3BHKTest" name="testCloneIntegerDouble()" time="0.002" />
  </testsuite>
  <testsuite aborted="0" failures="0" id="6" name="ApartmentBaseTest" package="test.java.watermgmt" skipped="0" tests="16" time="0.098" timestamp="2022-03-23T15:55:32">
    <properties>
[...]
</properties>
    <testcase classname="test.java.watermgmt.ApartmentBaseTest" name="testGetDaysMonth()" time="0.002" />
    <testcase classname="test.java.watermgmt.ApartmentBaseTest" name="testApartmentBaseIntegerInteger()" time="0.003" />
    <testcase classname="test.java.watermgmt.ApartmentBaseTest" name="testAddPeople()" time="0.002" />
    <testcase classname="test.java.watermgmt.ApartmentBaseTest" name="testApartmentBaseIntegerIntegerString()" time="0.002" />
    <testcase classname="test.java.watermgmt.ApartmentBaseTest" name="testGetLitresPerson()" time="0.002" />
    <testcase classname="test.java.watermgmt.ApartmentBaseTest" name="testGetDefaultPeople()" time="0.002" />
    <testcase classname="test.java.watermgmt.ApartmentBaseTest" name="testGetRatioStr()" time="0.004" />
    <testcase classname="test.java.watermgmt.ApartmentBaseTest" name="testApartmentBaseIntegerIntegerDouble()" time="0.002" />
    <testcase classname="test.java.watermgmt.ApartmentBaseTest" name="testGetRatio()" time="0.002" />
    <testcase classname="test.java.watermgmt.ApartmentBaseTest" name="testGetTotalLitres()" time="0.002" />
    <testcase classname="test.java.watermgmt.ApartmentBaseTest" name="testCheckValidType()" time="0.002" />
    <testcase classname="test.java.watermgmt.ApartmentBaseTest" name="testClone()" time="0.002" />
    <testcase classname="test.java.watermgmt.ApartmentBaseTest" name="testEqualsObject()" time="0.002" />
    <testcase classname="test.java.watermgmt.ApartmentBaseTest" name="testHashCode()" time="0.002" />
    <testcase classname="test.java.watermgmt.ApartmentBaseTest" name="testGetDefaultLitres()" time="0.002" />
    <testcase classname="test.java.watermgmt.ApartmentBaseTest" name="testGetCost()" time="0.006" />
  </testsuite>
  <testsuite aborted="0" failures="0" id="7" name="BillCommandTest" package="test.java.watermgmt" skipped="0" tests="4" time="0.021" timestamp="2022-03-23T15:55:32">
    <properties>
[...]
</properties>
    <testcase classname="test.java.watermgmt.BillCommandTest" name="allCommands()" time="0.002" />
    <testcase classname="test.java.watermgmt.BillCommandTest" name="test2BHK()" time="0.002" />
    <testcase classname="test.java.watermgmt.BillCommandTest" name="testParseCommand()" time="0.004" />
    <testcase classname="test.java.watermgmt.BillCommandTest" name="test3BHK()" time="0.001" />
    <system-out>900 1200
4200 15100
1500 1950
4500 13450
4200 15100
4500 13450
</system-out>
  </testsuite>
  <testsuite aborted="0" failures="0" id="8" name="BorewellRateTest" package="test.java.watermgmt" skipped="0" tests="2" time="0.016" timestamp="2022-03-23T15:55:32">
    <properties>
[...]
</properties>
    <testcase classname="test.java.watermgmt.BorewellRateTest" name="testGetRate()" time="0.001" />
    <testcase classname="test.java.watermgmt.BorewellRateTest" name="testGetLitres()" time="0.001" />
  </testsuite>
  <testsuite aborted="0" failures="0" id="9" name="CommandParserTest" package="test.java.watermgmt" skipped="0" tests="2" time="0.033" timestamp="2022-03-23T15:55:32">
    <properties>
[...]
</properties>
    <testcase classname="test.java.watermgmt.CommandParserTest" name="testParse()" time="0.005" />
    <testcase classname="test.java.watermgmt.CommandParserTest" name="checkInput()" time="0.015" />
    <system-out>4200 15100
</system-out>
  </testsuite>
  <testsuite aborted="0" failures="0" id="10" name="CorporationRateTest" package="test.java.watermgmt" skipped="0" tests="2" time="0.011" timestamp="2022-03-23T15:55:32">
    <properties>
[...]
</properties>
    <testcase classname="test.java.watermgmt.CorporationRateTest" name="testGetRate()" time="0.002" />
    <testcase classname="test.java.watermgmt.CorporationRateTest" name="testGetLitres()" time="0.002" />
  </testsuite>
  <testsuite aborted="0" failures="0" id="11" name="SlabIntervalTest" package="test.java.watermgmt" skipped="0" tests="4" time="0.026" timestamp="2022-03-23T15:55:33">
    <properties>
[...]
</properties>
    <testcase classname="test.java.watermgmt.SlabIntervalTest" name="testGetRate()" time="0.003" />
    <testcase classname="test.java.watermgmt.SlabIntervalTest" name="testGetEnd()" time="0.001" />
    <testcase classname="test.java.watermgmt.SlabIntervalTest" name="testSlabInterval()" time="0.008" />
    <testcase classname="test.java.watermgmt.SlabIntervalTest" name="testGetCost()" time="0.001" />
  </testsuite>
  <testsuite aborted="0" failures="0" id="12" name="TankerRateTest" package="test.java.watermgmt" skipped="0" tests="2" time="0.012" timestamp="2022-03-23T15:55:33">
    <properties>
[...]
</properties>
    <testcase classname="test.java.watermgmt.TankerRateTest" name="testGetRate()" time="0.002" />
    <testcase classname="test.java.watermgmt.TankerRateTest" name="testGetLitres()" time="0.002" />
  </testsuite>
  <testsuite aborted="0" failures="0" id="13" name="WaterManagementTest" package="test.java.watermgmt" skipped="0" tests="1" time="0.016" timestamp="2022-03-23T15:55:33">
    <properties>
[...]
</properties>
    <testcase classname="test.java.watermgmt.WaterManagementTest" name="testMain()" time="0.008" />
  </testsuite>
</testsuites>
