<?xml version="1.0" ?><testsuite name="test.java.watermgmt.ApartmentBaseTest" time="0.098" timestamp="2022-03-23T15:55:32" tests="16" failures="0" skipped="0" aborted="0"><properties>
[...]
</properties><testcase classname="test.java.watermgmt.ApartmentBaseTest" name="testGetDaysMonth()" time="0.002"></testcase><testcase classname="test.java.watermgmt.ApartmentBaseTest" name="testApartmentBaseIntegerInteger()" time="0.003"></testcase><testcase classname="test.java.watermgmt.ApartmentBaseTest" name="testAddPeople()" time="0.002"></testcase><testcase classname="test.java.watermgmt.ApartmentBaseTest" name="testApartmentBaseIntegerIntegerString()" time="0.002"></testcase><testcase classname="test.java.watermgmt.ApartmentBaseTest" name="testGetLitresPerson()" time="0.002"></testcase><testcase classname="test.java.watermgmt.ApartmentBaseTest" name="testGetDefaultPeople()" time="0.002"></testcase><testcase classname="test.java.watermgmt.ApartmentBaseTest" name="testGetRatioStr()" time="0.004"></testcase><testcase classname="test.java.watermgmt.ApartmentBaseTest" name="testApartmentBaseIntegerIntegerDouble()" time="0.002"></testcase><testcase classname="test.java.watermgmt.ApartmentBaseTest" name="testGetRatio()" time="0.002"></testcase><testcase classname="test.java.watermgmt.ApartmentBaseTest" name="testGetTotalLitres()" time="0.002"></testcase><testcase classname="test.java.watermgmt.ApartmentBaseTest" name="testCheckValidType()" time="0.002"></testcase><testcase classname="test.java.watermgmt.ApartmentBaseTest" name="testClone()" time="0.002"></testcase><testcase classname="test.java.watermgmt.ApartmentBaseTest" name="testEqualsObject()" time="0.002"></testcase><testcase classname="test.java.watermgmt.ApartmentBaseTest" name="testHashCode()" time="0.002"></testcase><testcase classname="test.java.watermgmt.ApartmentBaseTest" name="testGetDefaultLitres()" time="0.002"></testcase><testcase classname="test.java.watermgmt.ApartmentBaseTest" name="testGetCost()" time="0.006"></testcase></testsuite>