<?xml version="1.0" encoding="UTF-8"?>
<testsuite name="JUnit Jupiter" tests="51" skipped="0" failures="0" errors="0" time="0.696" hostname="navin-Aspire-xxxx" timestamp="2022-03-23T21:25:38">
<properties>
[...]
</properties>
<testcase name="testGetRate()" classname="test.java.watermgmt.TankerRateTest" time="0.002">
<system-out><![CDATA[
unique-id: [engine:junit-jupiter]/[class:test.java.watermgmt.TankerRateTest]/[method:testGetRate()]
display-name: testGetRate()
]]></system-out>
</testcase>
<testcase name="allCommands()" classname="test.java.watermgmt.AddGuestsCommandTest" time="0.003">
<system-out><![CDATA[
unique-id: [engine:junit-jupiter]/[class:test.java.watermgmt.AddGuestsCommandTest]/[method:allCommands()]
display-name: allCommands()
]]></system-out>
</testcase>
<testcase name="testGetRate()" classname="test.java.watermgmt.SlabIntervalTest" time="0.002">
<system-out><![CDATA[
unique-id: [engine:junit-jupiter]/[class:test.java.watermgmt.SlabIntervalTest]/[method:testGetRate()]
display-name: testGetRate()
]]></system-out>
</testcase>
<testcase name="testGetRate()" classname="test.java.watermgmt.CorporationRateTest" time="0.004">
<system-out><![CDATA[
unique-id: [engine:junit-jupiter]/[class:test.java.watermgmt.CorporationRateTest]/[method:testGetRate()]
display-name: testGetRate()
]]></system-out>
</testcase>
<testcase name="testApartmentBaseIntegerIntegerDouble()" classname="test.java.watermgmt.ApartmentBaseTest" time="0.002">
<system-out><![CDATA[
unique-id: [engine:junit-jupiter]/[class:test.java.watermgmt.ApartmentBaseTest]/[method:testApartmentBaseIntegerIntegerDouble()]
display-name: testApartmentBaseIntegerIntegerDouble()
]]></system-out>
</testcase>
<testcase name="test3BHK()" classname="test.java.watermgmt.BillCommandTest" time="0.002">
<system-out><![CDATA[
unique-id: [engine:junit-jupiter]/[class:test.java.watermgmt.BillCommandTest]/[method:test3BHK()]
display-name: test3BHK()
]]></system-out>
</testcase>
<testcase name="testAllotRatio()" classname="test.java.watermgmt.AllotWaterCommandTest" time="0.003">
<system-out><![CDATA[
unique-id: [engine:junit-jupiter]/[class:test.java.watermgmt.AllotWaterCommandTest]/[method:testAllotRatio()]
display-name: testAllotRatio()
]]></system-out>
</testcase>
<testcase name="testGetRate()" classname="test.java.watermgmt.BorewellRateTest" time="0.147">
<system-out><![CDATA[
unique-id: [engine:junit-jupiter]/[class:test.java.watermgmt.BorewellRateTest]/[method:testGetRate()]
display-name: testGetRate()
]]></system-out>
</testcase>
<testcase name="testGetCost()" classname="test.java.watermgmt.SlabIntervalTest" time="0.002">
<system-out><![CDATA[
unique-id: [engine:junit-jupiter]/[class:test.java.watermgmt.SlabIntervalTest]/[method:testGetCost()]
display-name: testGetCost()
]]></system-out>
</testcase>
<testcase name="testGetCost()" classname="test.java.watermgmt.ApartmentBaseTest" time="0.002">
<system-out><![CDATA[
unique-id: [engine:junit-jupiter]/[class:test.java.watermgmt.ApartmentBaseTest]/[method:testGetCost()]
display-name: testGetCost()
]]></system-out>
</testcase>
<testcase name="testApartmentBaseIntegerInteger()" classname="test.java.watermgmt.ApartmentBaseTest" time="0.002">
<system-out><![CDATA[
unique-id: [engine:junit-jupiter]/[class:test.java.watermgmt.ApartmentBaseTest]/[method:testApartmentBaseIntegerInteger()]
display-name: testApartmentBaseIntegerInteger()
]]></system-out>
</testcase>
<testcase name="testApartment3BHKIntegerString()" classname="test.java.watermgmt.Apartment3BHKTest" time="0.001">
<system-out><![CDATA[
unique-id: [engine:junit-jupiter]/[class:test.java.watermgmt.Apartment3BHKTest]/[method:testApartment3BHKIntegerString()]
display-name: testApartment3BHKIntegerString()
]]></system-out>
</testcase>
<testcase name="testGetLitresPerson()" classname="test.java.watermgmt.ApartmentBaseTest" time="0.001">
<system-out><![CDATA[
unique-id: [engine:junit-jupiter]/[class:test.java.watermgmt.ApartmentBaseTest]/[method:testGetLitresPerson()]
display-name: testGetLitresPerson()
]]></system-out>
</testcase>
<testcase name="testCloneIntegerDouble()" classname="test.java.watermgmt.Apartment2BHKTest" time="0.002">
<system-out><![CDATA[
unique-id: [engine:junit-jupiter]/[class:test.java.watermgmt.Apartment2BHKTest]/[method:testCloneIntegerDouble()]
display-name: testCloneIntegerDouble()
]]></system-out>
</testcase>
<testcase name="testGetRatio()" classname="test.java.watermgmt.ApartmentBaseTest" time="0.002">
<system-out><![CDATA[
unique-id: [engine:junit-jupiter]/[class:test.java.watermgmt.ApartmentBaseTest]/[method:testGetRatio()]
display-name: testGetRatio()
]]></system-out>
</testcase>
<testcase name="checkInput()" classname="test.java.watermgmt.CommandParserTest" time="0.039">
<system-out><![CDATA[
unique-id: [engine:junit-jupiter]/[class:test.java.watermgmt.CommandParserTest]/[method:checkInput()]
display-name: checkInput()
]]></system-out>
</testcase>
<testcase name="testCheckValidType()" classname="test.java.watermgmt.ApartmentBaseTest" time="0.001">
<system-out><![CDATA[
unique-id: [engine:junit-jupiter]/[class:test.java.watermgmt.ApartmentBaseTest]/[method:testCheckValidType()]
display-name: testCheckValidType()
]]></system-out>
</testcase>
<testcase name="testGetDefaultLitres()" classname="test.java.watermgmt.Apartment3BHKTest" time="0.002">
<system-out><![CDATA[
unique-id: [engine:junit-jupiter]/[class:test.java.watermgmt.Apartment3BHKTest]/[method:testGetDefaultLitres()]
display-name: testGetDefaultLitres()
]]></system-out>
</testcase>
<testcase name="testGetDefaultLitres()" classname="test.java.watermgmt.ApartmentBaseTest" time="0.001">
<system-out><![CDATA[
unique-id: [engine:junit-jupiter]/[class:test.java.watermgmt.ApartmentBaseTest]/[method:testGetDefaultLitres()]
display-name: testGetDefaultLitres()
]]></system-out>
</testcase>
<testcase name="testApartment2BHKIntegerDouble()" classname="test.java.watermgmt.Apartment2BHKTest" time="0.002">
<system-out><![CDATA[
unique-id: [engine:junit-jupiter]/[class:test.java.watermgmt.Apartment2BHKTest]/[method:testApartment2BHKIntegerDouble()]
display-name: testApartment2BHKIntegerDouble()
]]></system-out>
</testcase>
<testcase name="testMain()" classname="test.java.watermgmt.WaterManagementTest" time="0.003">
<system-out><![CDATA[
unique-id: [engine:junit-jupiter]/[class:test.java.watermgmt.WaterManagementTest]/[method:testMain()]
display-name: testMain()
]]></system-out>
</testcase>
<testcase name="testParseCommand()" classname="test.java.watermgmt.BillCommandTest" time="0.005">
<system-out><![CDATA[
unique-id: [engine:junit-jupiter]/[class:test.java.watermgmt.BillCommandTest]/[method:testParseCommand()]
display-name: testParseCommand()
]]></system-out>
</testcase>
<testcase name="testAllCommands()" classname="test.java.watermgmt.Apartment2BHKTest" time="0.007">
<system-out><![CDATA[
unique-id: [engine:junit-jupiter]/[class:test.java.watermgmt.Apartment2BHKTest]/[method:testAllCommands()]
display-name: testAllCommands()
]]></system-out>
</testcase>
<testcase name="testGetLitres()" classname="test.java.watermgmt.TankerRateTest" time="0.002">
<system-out><![CDATA[
unique-id: [engine:junit-jupiter]/[class:test.java.watermgmt.TankerRateTest]/[method:testGetLitres()]
display-name: testGetLitres()
]]></system-out>
</testcase>
<testcase name="testParse()" classname="test.java.watermgmt.CommandParserTest" time="0.038">
<system-out><![CDATA[
unique-id: [engine:junit-jupiter]/[class:test.java.watermgmt.CommandParserTest]/[method:testParse()]
display-name: testParse()
]]></system-out>
</testcase>
<testcase name="testParseCommand()" classname="test.java.watermgmt.AllotWaterCommandTest" time="0.002">
<system-out><![CDATA[
unique-id: [engine:junit-jupiter]/[class:test.java.watermgmt.AllotWaterCommandTest]/[method:testParseCommand()]
display-name: testParseCommand()
]]></system-out>
</testcase>
<testcase name="testAllotAptType()" classname="test.java.watermgmt.AllotWaterCommandTest" time="0.002">
<system-out><![CDATA[
unique-id: [engine:junit-jupiter]/[class:test.java.watermgmt.AllotWaterCommandTest]/[method:testAllotAptType()]
display-name: testAllotAptType()
]]></system-out>
</testcase>
<testcase name="testApartment2BHKIntegerString()" classname="test.java.watermgmt.Apartment2BHKTest" time="0.002">
<system-out><![CDATA[
unique-id: [engine:junit-jupiter]/[class:test.java.watermgmt.Apartment2BHKTest]/[method:testApartment2BHKIntegerString()]
display-name: testApartment2BHKIntegerString()
]]></system-out>
</testcase>
<testcase name="testApartmentBaseIntegerIntegerString()" classname="test.java.watermgmt.ApartmentBaseTest" time="0.002">
<system-out><![CDATA[
unique-id: [engine:junit-jupiter]/[class:test.java.watermgmt.ApartmentBaseTest]/[method:testApartmentBaseIntegerIntegerString()]
display-name: testApartmentBaseIntegerIntegerString()
]]></system-out>
</testcase>
<testcase name="testGetDefaultPeople()" classname="test.java.watermgmt.ApartmentBaseTest" time="0.001">
<system-out><![CDATA[
unique-id: [engine:junit-jupiter]/[class:test.java.watermgmt.ApartmentBaseTest]/[method:testGetDefaultPeople()]
display-name: testGetDefaultPeople()
]]></system-out>
</testcase>
<testcase name="allCommands()" classname="test.java.watermgmt.BillCommandTest" time="0.003">
<system-out><![CDATA[
unique-id: [engine:junit-jupiter]/[class:test.java.watermgmt.BillCommandTest]/[method:allCommands()]
display-name: allCommands()
]]></system-out>
</testcase>
<testcase name="testEqualsObject()" classname="test.java.watermgmt.ApartmentBaseTest" time="0.002">
<system-out><![CDATA[
unique-id: [engine:junit-jupiter]/[class:test.java.watermgmt.ApartmentBaseTest]/[method:testEqualsObject()]
display-name: testEqualsObject()
]]></system-out>
</testcase>
<testcase name="testGetEnd()" classname="test.java.watermgmt.SlabIntervalTest" time="0.002">
<system-out><![CDATA[
unique-id: [engine:junit-jupiter]/[class:test.java.watermgmt.SlabIntervalTest]/[method:testGetEnd()]
display-name: testGetEnd()
]]></system-out>
</testcase>
<testcase name="testGetLitres()" classname="test.java.watermgmt.BorewellRateTest" time="0.003">
<system-out><![CDATA[
unique-id: [engine:junit-jupiter]/[class:test.java.watermgmt.BorewellRateTest]/[method:testGetLitres()]
display-name: testGetLitres()
]]></system-out>
</testcase>
<testcase name="testHashCode()" classname="test.java.watermgmt.ApartmentBaseTest" time="0.001">
<system-out><![CDATA[
unique-id: [engine:junit-jupiter]/[class:test.java.watermgmt.ApartmentBaseTest]/[method:testHashCode()]
display-name: testHashCode()
]]></system-out>
</testcase>
<testcase name="testGetLitres()" classname="test.java.watermgmt.CorporationRateTest" time="0.003">
<system-out><![CDATA[
unique-id: [engine:junit-jupiter]/[class:test.java.watermgmt.CorporationRateTest]/[method:testGetLitres()]
display-name: testGetLitres()
]]></system-out>
</testcase>
<testcase name="testSlabInterval()" classname="test.java.watermgmt.SlabIntervalTest" time="0.002">
<system-out><![CDATA[
unique-id: [engine:junit-jupiter]/[class:test.java.watermgmt.SlabIntervalTest]/[method:testSlabInterval()]
display-name: testSlabInterval()
]]></system-out>
</testcase>
<testcase name="allCommands()" classname="test.java.watermgmt.AllotWaterCommandTest" time="0.003">
<system-out><![CDATA[
unique-id: [engine:junit-jupiter]/[class:test.java.watermgmt.AllotWaterCommandTest]/[method:allCommands()]
display-name: allCommands()
]]></system-out>
</testcase>
<testcase name="testGetDaysMonth()" classname="test.java.watermgmt.ApartmentBaseTest" time="0.002">
<system-out><![CDATA[
unique-id: [engine:junit-jupiter]/[class:test.java.watermgmt.ApartmentBaseTest]/[method:testGetDaysMonth()]
display-name: testGetDaysMonth()
]]></system-out>
</testcase>
<testcase name="testAddPeople()" classname="test.java.watermgmt.ApartmentBaseTest" time="0.002">
<system-out><![CDATA[
unique-id: [engine:junit-jupiter]/[class:test.java.watermgmt.ApartmentBaseTest]/[method:testAddPeople()]
display-name: testAddPeople()
]]></system-out>
</testcase>
<testcase name="testCloneIntegerDouble()" classname="test.java.watermgmt.Apartment3BHKTest" time="0.001">
<system-out><![CDATA[
unique-id: [engine:junit-jupiter]/[class:test.java.watermgmt.Apartment3BHKTest]/[method:testCloneIntegerDouble()]
display-name: testCloneIntegerDouble()
]]></system-out>
</testcase>
<testcase name="testGetRatioStr()" classname="test.java.watermgmt.ApartmentBaseTest" time="0.003">
<system-out><![CDATA[
unique-id: [engine:junit-jupiter]/[class:test.java.watermgmt.ApartmentBaseTest]/[method:testGetRatioStr()]
display-name: testGetRatioStr()
]]></system-out>
</testcase>
<testcase name="testGetTotalLitres()" classname="test.java.watermgmt.ApartmentBaseTest" time="0.002">
<system-out><![CDATA[
unique-id: [engine:junit-jupiter]/[class:test.java.watermgmt.ApartmentBaseTest]/[method:testGetTotalLitres()]
display-name: testGetTotalLitres()
]]></system-out>
</testcase>
<testcase name="testApartment3BHKIntegerDouble()" classname="test.java.watermgmt.Apartment3BHKTest" time="0.001">
<system-out><![CDATA[
unique-id: [engine:junit-jupiter]/[class:test.java.watermgmt.Apartment3BHKTest]/[method:testApartment3BHKIntegerDouble()]
display-name: testApartment3BHKIntegerDouble()
]]></system-out>
</testcase>
<testcase name="testApartment3BHKDefaultCost()" classname="test.java.watermgmt.Apartment3BHKTest" time="0.001">
<system-out><![CDATA[
unique-id: [engine:junit-jupiter]/[class:test.java.watermgmt.Apartment3BHKTest]/[method:testApartment3BHKDefaultCost()]
display-name: testApartment3BHKDefaultCost()
]]></system-out>
</testcase>
<testcase name="testClone()" classname="test.java.watermgmt.ApartmentBaseTest" time="0.001">
<system-out><![CDATA[
unique-id: [engine:junit-jupiter]/[class:test.java.watermgmt.ApartmentBaseTest]/[method:testClone()]
display-name: testClone()
]]></system-out>
</testcase>
<testcase name="testGetDefaultLitres()" classname="test.java.watermgmt.Apartment2BHKTest" time="0.001">
<system-out><![CDATA[
unique-id: [engine:junit-jupiter]/[class:test.java.watermgmt.Apartment2BHKTest]/[method:testGetDefaultLitres()]
display-name: testGetDefaultLitres()
]]></system-out>
</testcase>
<testcase name="testAllCommands()" classname="test.java.watermgmt.Apartment3BHKTest" time="0.001">
<system-out><![CDATA[
unique-id: [engine:junit-jupiter]/[class:test.java.watermgmt.Apartment3BHKTest]/[method:testAllCommands()]
display-name: testAllCommands()
]]></system-out>
</testcase>
<testcase name="test2BHK()" classname="test.java.watermgmt.BillCommandTest" time="0.002">
<system-out><![CDATA[
unique-id: [engine:junit-jupiter]/[class:test.java.watermgmt.BillCommandTest]/[method:test2BHK()]
display-name: test2BHK()
]]></system-out>
</testcase>
<testcase name="testApartment2BHKDefaultCost()" classname="test.java.watermgmt.Apartment2BHKTest" time="0.001">
<system-out><![CDATA[
unique-id: [engine:junit-jupiter]/[class:test.java.watermgmt.Apartment2BHKTest]/[method:testApartment2BHKDefaultCost()]
display-name: testApartment2BHKDefaultCost()
]]></system-out>
</testcase>
<testcase name="testParseCommand()" classname="test.java.watermgmt.AddGuestsCommandTest" time="0.004">
<system-out><![CDATA[
unique-id: [engine:junit-jupiter]/[class:test.java.watermgmt.AddGuestsCommandTest]/[method:testParseCommand()]
display-name: testParseCommand()
]]></system-out>
</testcase>
<system-out><![CDATA[
unique-id: [engine:junit-jupiter]
display-name: JUnit Jupiter
]]></system-out>
</testsuite>
